sphinx-build -b html -d _build/doctrees   . _build/html
Running Sphinx v1.3.1
loading pickled environment... done
building [mo]: targets for 0 po files that are out of date
building [html]: targets for 0 source files that are out of date
updating environment: 0 added, 10 changed, 0 removed
reading sources... [ 10%] examples/analytic_N_scaling
reading sources... [ 20%] examples/analytic_diffusion
reading sources... [ 30%] examples/aqueous_radiolysis
reading sources... [ 40%] examples/auto_efield
reading sources... [ 50%] examples/const_surf_conc
reading sources... [ 60%] examples/decay
reading sources... [ 70%] examples/equilibrium
reading sources... [ 80%] examples/four_species
reading sources... [ 90%] examples/steady_state_approx
reading sources... [100%] util/physchem

looking for now-outdated files... none found
pickling environment... done
checking consistency... done
preparing documents... done
writing output... [  7%] examples/analytic_N_scaling
writing output... [ 15%] examples/analytic_diffusion
writing output... [ 23%] examples/aqueous_radiolysis
writing output... [ 30%] examples/auto_efield
writing output... [ 38%] examples/const_surf_conc
writing output... [ 46%] examples/decay
writing output... [ 53%] examples/equilibrium
writing output... [ 61%] examples/four_species
writing output... [ 69%] examples/index
writing output... [ 76%] examples/steady_state_approx
writing output... [ 84%] index
writing output... [ 92%] util/index
writing output... [100%] util/physchem

generating indices... genindex py-modindex
highlighting module code... [ 10%] chemreac.util.stoich
highlighting module code... [ 20%] chemreac.core
highlighting module code... [ 30%] chemreac.chemistry
highlighting module code... [ 40%] chemreac.util.plotting
highlighting module code... [ 50%] chemreac.util.testing
highlighting module code... [ 60%] chemreac.util.banded
highlighting module code... [ 70%] chemreac.util.analysis
highlighting module code... [ 80%] chemreac.util.pyutil
highlighting module code... [ 90%] chemreac.util.grid
highlighting module code... [100%] chemreac.integrate

writing additional pages... search
copying static files... done
copying extra files... done
dumping search index in English (code: en) ... done
dumping object inventory... done
build succeeded, 329 warnings.

Build finished. The HTML pages are in _build/html.
