2016-01-29 17:09:32,959 saml2.mdstore:DEBUG service => [{'index': '2', 'binding': 'urn:oasis:names:tc:SAML:2.0:bindings:HTTP-POST', '__class__': 'urn:oasis:names:tc:SAML:2.0:metadata&AssertionConsumerService', 'location': 'http://localhost:8087/acs/post'}]
2016-01-29 17:09:32,965 saml2.entity:INFO HTTP POST
2016-01-29 17:09:33,078 saml2.entity:DEBUG receiver addresses: ['https://localhost:8088/sso/redirect']
2016-01-29 17:09:33,078 saml2.entity:DEBUG Binding: urn:oasis:names:tc:SAML:2.0:bindings:HTTP-Redirect
2016-01-29 17:09:33,078 saml2.request:DEBUG xmlstr: <ns0:AuthnRequest xmlns:ns0="urn:oasis:names:tc:SAML:2.0:protocol" xmlns:ns1="urn:oasis:names:tc:SAML:2.0:assertion" AssertionConsumerServiceURL="http://localhost:8087/acs/post" Destination="https://localhost:8088/sso/redirect" ID="id-tFCkZ1A4LAmYPbjGn" IssueInstant="2016-01-29T16:09:33Z" ProtocolBinding="urn:oasis:names:tc:SAML:2.0:bindings:HTTP-POST" Version="2.0"><ns1:Issuer Format="urn:oasis:names:tc:SAML:2.0:nameid-format:entity">http://localhost:8087/basic/sp.xml</ns1:Issuer><ns0:NameIDPolicy AllowCreate="false" Format="urn:oasis:names:tc:SAML:2.0:nameid-format:transient" /></ns0:AuthnRequest>
2016-01-29 17:09:33,079 saml2.request:INFO request: <?xml version='1.0' encoding='UTF-8'?>
<ns0:AuthnRequest xmlns:ns0="urn:oasis:names:tc:SAML:2.0:protocol" xmlns:ns1="urn:oasis:names:tc:SAML:2.0:assertion" AssertionConsumerServiceURL="http://localhost:8087/acs/post" Destination="https://localhost:8088/sso/redirect" ID="id-tFCkZ1A4LAmYPbjGn" IssueInstant="2016-01-29T16:09:33Z" ProtocolBinding="urn:oasis:names:tc:SAML:2.0:bindings:HTTP-POST" Version="2.0"><ns1:Issuer Format="urn:oasis:names:tc:SAML:2.0:nameid-format:entity">http://localhost:8087/basic/sp.xml</ns1:Issuer><ns0:NameIDPolicy AllowCreate="false" Format="urn:oasis:names:tc:SAML:2.0:nameid-format:transient" /></ns0:AuthnRequest>
2016-01-29 17:09:33,079 saml2.entity:DEBUG Loaded request
2016-01-29 17:09:33,079 saml2.entity:DEBUG Verified request
2016-01-29 17:09:33,137 saml2.mdstore:DEBUG service(http://localhost:8087/basic/sp.xml, spsso_descriptor, assertion_consumer_service, urn:oasis:names:tc:SAML:2.0:bindings:HTTP-POST)
2016-01-29 17:09:33,137 saml2.mdstore:DEBUG service => [{'index': '2', 'binding': 'urn:oasis:names:tc:SAML:2.0:bindings:HTTP-POST', '__class__': 'urn:oasis:names:tc:SAML:2.0:metadata&AssertionConsumerService', 'location': 'http://localhost:8087/acs/post'}]
2016-01-29 17:09:33,137 saml2.mdstore:DEBUG service(http://localhost:8087/basic/sp.xml, spsso_descriptor, assertion_consumer_service, urn:oasis:names:tc:SAML:2.0:bindings:HTTP-POST)
2016-01-29 17:09:33,137 saml2.mdstore:DEBUG service => [{'index': '2', 'binding': 'urn:oasis:names:tc:SAML:2.0:bindings:HTTP-POST', '__class__': 'urn:oasis:names:tc:SAML:2.0:metadata&AssertionConsumerService', 'location': 'http://localhost:8087/acs/post'}]
2016-01-29 17:09:33,139 saml2.entity:INFO HTTP POST
2016-01-29 17:09:33,245 saml2.entity:DEBUG receiver addresses: ['https://localhost:8088/sso/redirect']
2016-01-29 17:09:33,246 saml2.entity:DEBUG Binding: urn:oasis:names:tc:SAML:2.0:bindings:HTTP-Redirect
2016-01-29 17:09:33,246 saml2.request:DEBUG xmlstr: <ns0:AuthnRequest xmlns:ns0="urn:oasis:names:tc:SAML:2.0:protocol" xmlns:ns1="urn:oasis:names:tc:SAML:2.0:assertion" AssertionConsumerServiceURL="http://localhost:8087/acs/post" Destination="https://localhost:8088/sso/redirect" ID="id-CV8CQWo4kgU4TjBqC" IssueInstant="2016-01-29T16:09:33Z" ProtocolBinding="urn:oasis:names:tc:SAML:2.0:bindings:HTTP-POST" Version="2.0"><ns1:Issuer Format="urn:oasis:names:tc:SAML:2.0:nameid-format:entity">http://localhost:8087/basic/sp.xml</ns1:Issuer><ns0:NameIDPolicy AllowCreate="false" Format="urn:oasis:names:tc:SAML:2.0:nameid-format:unspecified" /></ns0:AuthnRequest>
2016-01-29 17:09:33,246 saml2.request:INFO request: <?xml version='1.0' encoding='UTF-8'?>
<ns0:AuthnRequest xmlns:ns0="urn:oasis:names:tc:SAML:2.0:protocol" xmlns:ns1="urn:oasis:names:tc:SAML:2.0:assertion" AssertionConsumerServiceURL="http://localhost:8087/acs/post" Destination="https://localhost:8088/sso/redirect" ID="id-CV8CQWo4kgU4TjBqC" IssueInstant="2016-01-29T16:09:33Z" ProtocolBinding="urn:oasis:names:tc:SAML:2.0:bindings:HTTP-POST" Version="2.0"><ns1:Issuer Format="urn:oasis:names:tc:SAML:2.0:nameid-format:entity">http://localhost:8087/basic/sp.xml</ns1:Issuer><ns0:NameIDPolicy AllowCreate="false" Format="urn:oasis:names:tc:SAML:2.0:nameid-format:unspecified" /></ns0:AuthnRequest>
2016-01-29 17:09:33,247 saml2.entity:DEBUG Loaded request
2016-01-29 17:09:33,247 saml2.entity:DEBUG Verified request
2016-01-29 17:09:33,306 saml2.mdstore:DEBUG service(http://localhost:8087/basic/sp.xml, spsso_descriptor, assertion_consumer_service, urn:oasis:names:tc:SAML:2.0:bindings:HTTP-POST)
2016-01-29 17:09:33,307 saml2.mdstore:DEBUG service => [{'index': '2', 'binding': 'urn:oasis:names:tc:SAML:2.0:bindings:HTTP-POST', '__class__': 'urn:oasis:names:tc:SAML:2.0:metadata&AssertionConsumerService', 'location': 'http://localhost:8087/acs/post'}]
2016-01-29 17:09:33,307 saml2.mdstore:DEBUG service(http://localhost:8087/basic/sp.xml, spsso_descriptor, assertion_consumer_service, urn:oasis:names:tc:SAML:2.0:bindings:HTTP-POST)
2016-01-29 17:09:33,307 saml2.mdstore:DEBUG service => [{'index': '2', 'binding': 'urn:oasis:names:tc:SAML:2.0:bindings:HTTP-POST', '__class__': 'urn:oasis:names:tc:SAML:2.0:metadata&AssertionConsumerService', 'location': 'http://localhost:8087/acs/post'}]
2016-01-29 17:09:33,310 saml2.entity:INFO HTTP POST
2016-01-29 17:09:33,414 saml2.entity:DEBUG receiver addresses: ['https://localhost:8088/sso/redirect']
2016-01-29 17:09:33,414 saml2.entity:DEBUG Binding: urn:oasis:names:tc:SAML:2.0:bindings:HTTP-Redirect
2016-01-29 17:09:33,414 saml2.request:DEBUG xmlstr: <ns0:AuthnRequest xmlns:ns0="urn:oasis:names:tc:SAML:2.0:protocol" xmlns:ns1="urn:oasis:names:tc:SAML:2.0:assertion" AssertionConsumerServiceURL="http://localhost:8087/acs/post" Destination="https://localhost:8088/sso/redirect" ID="id-kIIcPzpaql8cuEJgu" IssueInstant="2016-01-29T16:09:33Z" ProtocolBinding="urn:oasis:names:tc:SAML:2.0:bindings:HTTP-POST" Version="2.0"><ns1:Issuer Format="urn:oasis:names:tc:SAML:2.0:nameid-format:entity">http://localhost:8087/basic/sp.xml</ns1:Issuer></ns0:AuthnRequest>
2016-01-29 17:09:33,415 saml2.request:INFO request: <?xml version='1.0' encoding='UTF-8'?>
<ns0:AuthnRequest xmlns:ns0="urn:oasis:names:tc:SAML:2.0:protocol" xmlns:ns1="urn:oasis:names:tc:SAML:2.0:assertion" AssertionConsumerServiceURL="http://localhost:8087/acs/post" Destination="https://localhost:8088/sso/redirect" ID="id-kIIcPzpaql8cuEJgu" IssueInstant="2016-01-29T16:09:33Z" ProtocolBinding="urn:oasis:names:tc:SAML:2.0:bindings:HTTP-POST" Version="2.0"><ns1:Issuer Format="urn:oasis:names:tc:SAML:2.0:nameid-format:entity">http://localhost:8087/basic/sp.xml</ns1:Issuer></ns0:AuthnRequest>
2016-01-29 17:09:33,415 saml2.entity:DEBUG Loaded request
2016-01-29 17:09:33,415 saml2.entity:DEBUG Verified request
2016-01-29 17:09:33,475 saml2.mdstore:DEBUG service(http://localhost:8087/basic/sp.xml, spsso_descriptor, assertion_consumer_service, urn:oasis:names:tc:SAML:2.0:bindings:HTTP-POST)
2016-01-29 17:09:33,475 saml2.mdstore:DEBUG service => [{'index': '2', 'binding': 'urn:oasis:names:tc:SAML:2.0:bindings:HTTP-POST', '__class__': 'urn:oasis:names:tc:SAML:2.0:metadata&AssertionConsumerService', 'location': 'http://localhost:8087/acs/post'}]
2016-01-29 17:09:33,475 saml2.mdstore:DEBUG service(http://localhost:8087/basic/sp.xml, spsso_descriptor, assertion_consumer_service, urn:oasis:names:tc:SAML:2.0:bindings:HTTP-POST)
2016-01-29 17:09:33,475 saml2.mdstore:DEBUG service => [{'index': '2', 'binding': 'urn:oasis:names:tc:SAML:2.0:bindings:HTTP-POST', '__class__': 'urn:oasis:names:tc:SAML:2.0:metadata&AssertionConsumerService', 'location': 'http://localhost:8087/acs/post'}]
2016-01-29 17:09:33,479 saml2.entity:INFO HTTP POST
2016-01-29 17:09:33,598 saml2.entity:DEBUG receiver addresses: ['https://localhost:8088/sso/redirect']
2016-01-29 17:09:33,598 saml2.entity:DEBUG Binding: urn:oasis:names:tc:SAML:2.0:bindings:HTTP-Redirect
2016-01-29 17:09:33,598 saml2.request:DEBUG xmlstr: <ns0:AuthnRequest xmlns:ns0="urn:oasis:names:tc:SAML:2.0:protocol" xmlns:ns1="urn:oasis:names:tc:SAML:2.0:assertion" AssertionConsumerServiceURL="http://localhost:8087/acs/post" Destination="https://localhost:8088/sso/redirect" ID="id-ObO7Bs6LweLGBgC7L" IssueInstant="2016-01-29T16:09:33Z" ProtocolBinding="urn:oasis:names:tc:SAML:2.0:bindings:HTTP-POST" Version="2.0"><ns1:Issuer Format="urn:oasis:names:tc:SAML:2.0:nameid-format:entity">http://localhost:8087/basic/sp.xml</ns1:Issuer><ns0:NameIDPolicy AllowCreate="false" Format="urn:oasis:names:tc:SAML:2.0:nameid-format:transient" /></ns0:AuthnRequest>
2016-01-29 17:09:33,598 saml2.request:INFO request: <?xml version='1.0' encoding='UTF-8'?>
<ns0:AuthnRequest xmlns:ns0="urn:oasis:names:tc:SAML:2.0:protocol" xmlns:ns1="urn:oasis:names:tc:SAML:2.0:assertion" AssertionConsumerServiceURL="http://localhost:8087/acs/post" Destination="https://localhost:8088/sso/redirect" ID="id-ObO7Bs6LweLGBgC7L" IssueInstant="2016-01-29T16:09:33Z" ProtocolBinding="urn:oasis:names:tc:SAML:2.0:bindings:HTTP-POST" Version="2.0"><ns1:Issuer Format="urn:oasis:names:tc:SAML:2.0:nameid-format:entity">http://localhost:8087/basic/sp.xml</ns1:Issuer><ns0:NameIDPolicy AllowCreate="false" Format="urn:oasis:names:tc:SAML:2.0:nameid-format:transient" /></ns0:AuthnRequest>
2016-01-29 17:09:33,599 saml2.entity:DEBUG Loaded request
2016-01-29 17:09:33,599 saml2.entity:DEBUG Verified request
2016-01-29 17:09:33,660 saml2.mdstore:DEBUG service(http://localhost:8087/basic/sp.xml, spsso_descriptor, assertion_consumer_service, urn:oasis:names:tc:SAML:2.0:bindings:HTTP-POST)
2016-01-29 17:09:33,660 saml2.mdstore:DEBUG service => [{'index': '2', 'binding': 'urn:oasis:names:tc:SAML:2.0:bindings:HTTP-POST', '__class__': 'urn:oasis:names:tc:SAML:2.0:metadata&AssertionConsumerService', 'location': 'http://localhost:8087/acs/post'}]
2016-01-29 17:09:33,661 saml2.mdstore:DEBUG service(http://localhost:8087/basic/sp.xml, spsso_descriptor, assertion_consumer_service, urn:oasis:names:tc:SAML:2.0:bindings:HTTP-POST)
2016-01-29 17:09:33,661 saml2.mdstore:DEBUG service => [{'index': '2', 'binding': 'urn:oasis:names:tc:SAML:2.0:bindings:HTTP-POST', '__class__': 'urn:oasis:names:tc:SAML:2.0:metadata&AssertionConsumerService', 'location': 'http://localhost:8087/acs/post'}]
2016-01-29 17:09:33,664 saml2.entity:INFO HTTP POST
2016-01-29 17:09:33,776 saml2.entity:DEBUG receiver addresses: ['https://localhost:8088/sso/post']
2016-01-29 17:09:33,777 saml2.entity:DEBUG Binding: urn:oasis:names:tc:SAML:2.0:bindings:HTTP-POST
2016-01-29 17:09:33,777 saml2.request:DEBUG xmlstr: <ns0:AuthnRequest xmlns:ns0="urn:oasis:names:tc:SAML:2.0:protocol" xmlns:ns1="urn:oasis:names:tc:SAML:2.0:assertion" AssertionConsumerServiceURL="http://localhost:8087/acs/post" Destination="https://localhost:8088/sso/post" ID="id-iIhtUQyhdoVWbpcow" IssueInstant="2016-01-29T16:09:33Z" ProtocolBinding="urn:oasis:names:tc:SAML:2.0:bindings:HTTP-POST" Version="2.0"><ns1:Issuer Format="urn:oasis:names:tc:SAML:2.0:nameid-format:entity">http://localhost:8087/basic/sp.xml</ns1:Issuer><ns0:NameIDPolicy AllowCreate="false" Format="urn:oasis:names:tc:SAML:2.0:nameid-format:transient" /></ns0:AuthnRequest>
2016-01-29 17:09:33,777 saml2.request:INFO request: <?xml version='1.0' encoding='UTF-8'?>
<ns0:AuthnRequest xmlns:ns0="urn:oasis:names:tc:SAML:2.0:protocol" xmlns:ns1="urn:oasis:names:tc:SAML:2.0:assertion" AssertionConsumerServiceURL="http://localhost:8087/acs/post" Destination="https://localhost:8088/sso/post" ID="id-iIhtUQyhdoVWbpcow" IssueInstant="2016-01-29T16:09:33Z" ProtocolBinding="urn:oasis:names:tc:SAML:2.0:bindings:HTTP-POST" Version="2.0"><ns1:Issuer Format="urn:oasis:names:tc:SAML:2.0:nameid-format:entity">http://localhost:8087/basic/sp.xml</ns1:Issuer><ns0:NameIDPolicy AllowCreate="false" Format="urn:oasis:names:tc:SAML:2.0:nameid-format:transient" /></ns0:AuthnRequest>
2016-01-29 17:09:33,778 saml2.entity:DEBUG Loaded request
2016-01-29 17:09:33,778 saml2.entity:DEBUG Verified request
2016-01-29 17:09:33,835 saml2.mdstore:DEBUG service(http://localhost:8087/basic/sp.xml, spsso_descriptor, assertion_consumer_service, urn:oasis:names:tc:SAML:2.0:bindings:HTTP-POST)
2016-01-29 17:09:33,835 saml2.mdstore:DEBUG service => [{'index': '2', 'binding': 'urn:oasis:names:tc:SAML:2.0:bindings:HTTP-POST', '__class__': 'urn:oasis:names:tc:SAML:2.0:metadata&AssertionConsumerService', 'location': 'http://localhost:8087/acs/post'}]
2016-01-29 17:09:33,835 saml2.mdstore:DEBUG service(http://localhost:8087/basic/sp.xml, spsso_descriptor, assertion_consumer_service, urn:oasis:names:tc:SAML:2.0:bindings:HTTP-POST)
2016-01-29 17:09:33,836 saml2.mdstore:DEBUG service => [{'index': '2', 'binding': 'urn:oasis:names:tc:SAML:2.0:bindings:HTTP-POST', '__class__': 'urn:oasis:names:tc:SAML:2.0:metadata&AssertionConsumerService', 'location': 'http://localhost:8087/acs/post'}]
2016-01-29 17:09:33,838 saml2.entity:INFO HTTP POST
2016-01-29 17:09:33,942 saml2.entity:DEBUG receiver addresses: ['https://localhost:8088/sso/post']
2016-01-29 17:09:33,942 saml2.entity:DEBUG Binding: urn:oasis:names:tc:SAML:2.0:bindings:HTTP-POST
2016-01-29 17:09:33,942 saml2.request:DEBUG xmlstr: <ns0:AuthnRequest xmlns:ns0="urn:oasis:names:tc:SAML:2.0:protocol" xmlns:ns1="urn:oasis:names:tc:SAML:2.0:assertion" AssertionConsumerServiceURL="http://localhost:8087/acs/post" Destination="https://localhost:8088/sso/post" ID="id-1xao4ZYbLLO8ETLyk" IssueInstant="2016-01-29T16:09:33Z" ProtocolBinding="urn:oasis:names:tc:SAML:2.0:bindings:HTTP-POST" Version="2.0"><ns1:Issuer Format="urn:oasis:names:tc:SAML:2.0:nameid-format:entity">http://localhost:8087/basic/sp.xml</ns1:Issuer><ns0:NameIDPolicy AllowCreate="false" Format="urn:oasis:names:tc:SAML:2.0:nameid-format:transient" /></ns0:AuthnRequest>
2016-01-29 17:09:33,943 saml2.request:INFO request: <?xml version='1.0' encoding='UTF-8'?>
<ns0:AuthnRequest xmlns:ns0="urn:oasis:names:tc:SAML:2.0:protocol" xmlns:ns1="urn:oasis:names:tc:SAML:2.0:assertion" AssertionConsumerServiceURL="http://localhost:8087/acs/post" Destination="https://localhost:8088/sso/post" ID="id-1xao4ZYbLLO8ETLyk" IssueInstant="2016-01-29T16:09:33Z" ProtocolBinding="urn:oasis:names:tc:SAML:2.0:bindings:HTTP-POST" Version="2.0"><ns1:Issuer Format="urn:oasis:names:tc:SAML:2.0:nameid-format:entity">http://localhost:8087/basic/sp.xml</ns1:Issuer><ns0:NameIDPolicy AllowCreate="false" Format="urn:oasis:names:tc:SAML:2.0:nameid-format:transient" /></ns0:AuthnRequest>
2016-01-29 17:09:33,944 saml2.entity:DEBUG Loaded request
2016-01-29 17:09:33,944 saml2.entity:DEBUG Verified request
2016-01-29 17:09:34,005 saml2.mdstore:DEBUG service(http://localhost:8087/basic/sp.xml, spsso_descriptor, assertion_consumer_service, urn:oasis:names:tc:SAML:2.0:bindings:HTTP-POST)
2016-01-29 17:09:34,006 saml2.mdstore:DEBUG service => [{'index': '2', 'binding': 'urn:oasis:names:tc:SAML:2.0:bindings:HTTP-POST', '__class__': 'urn:oasis:names:tc:SAML:2.0:metadata&AssertionConsumerService', 'location': 'http://localhost:8087/acs/post'}]
2016-01-29 17:09:34,006 saml2.mdstore:DEBUG service(http://localhost:8087/basic/sp.xml, spsso_descriptor, assertion_consumer_service, urn:oasis:names:tc:SAML:2.0:bindings:HTTP-POST)
2016-01-29 17:09:34,006 saml2.mdstore:DEBUG service => [{'index': '2', 'binding': 'urn:oasis:names:tc:SAML:2.0:bindings:HTTP-POST', '__class__': 'urn:oasis:names:tc:SAML:2.0:metadata&AssertionConsumerService', 'location': 'http://localhost:8087/acs/post'}]
2016-01-29 17:09:34,009 saml2.entity:INFO HTTP POST
2016-01-29 17:09:34,119 saml2.entity:DEBUG receiver addresses: ['https://localhost:8088/sso/redirect']
2016-01-29 17:09:34,120 saml2.entity:DEBUG Binding: urn:oasis:names:tc:SAML:2.0:bindings:HTTP-Redirect
2016-01-29 17:09:34,120 saml2.request:DEBUG xmlstr: <ns0:AuthnRequest xmlns:ns0="urn:oasis:names:tc:SAML:2.0:protocol" xmlns:ns1="urn:oasis:names:tc:SAML:2.0:assertion" AssertionConsumerServiceURL="http://localhost:8087/acs/post" Destination="https://localhost:8088/sso/redirect" ID="id-arD7VJYOAVjUBBzZn" IssueInstant="2016-01-29T16:09:34Z" ProtocolBinding="urn:oasis:names:tc:SAML:2.0:bindings:HTTP-POST" Version="2.0"><ns1:Issuer Format="urn:oasis:names:tc:SAML:2.0:nameid-format:entity">http://localhost:8087/basic/sp.xml</ns1:Issuer><ns0:NameIDPolicy AllowCreate="false" Format="urn:oasis:names:tc:SAML:2.0:nameid-format:transient" /></ns0:AuthnRequest>
2016-01-29 17:09:34,120 saml2.request:INFO request: <?xml version='1.0' encoding='UTF-8'?>
<ns0:AuthnRequest xmlns:ns0="urn:oasis:names:tc:SAML:2.0:protocol" xmlns:ns1="urn:oasis:names:tc:SAML:2.0:assertion" AssertionConsumerServiceURL="http://localhost:8087/acs/post" Destination="https://localhost:8088/sso/redirect" ID="id-arD7VJYOAVjUBBzZn" IssueInstant="2016-01-29T16:09:34Z" ProtocolBinding="urn:oasis:names:tc:SAML:2.0:bindings:HTTP-POST" Version="2.0"><ns1:Issuer Format="urn:oasis:names:tc:SAML:2.0:nameid-format:entity">http://localhost:8087/basic/sp.xml</ns1:Issuer><ns0:NameIDPolicy AllowCreate="false" Format="urn:oasis:names:tc:SAML:2.0:nameid-format:transient" /></ns0:AuthnRequest>
2016-01-29 17:09:34,121 saml2.entity:DEBUG Loaded request
2016-01-29 17:09:34,121 saml2.entity:DEBUG Verified request
2016-01-29 17:09:34,183 saml2.mdstore:DEBUG service(http://localhost:8087/basic/sp.xml, spsso_descriptor, assertion_consumer_service, urn:oasis:names:tc:SAML:2.0:bindings:HTTP-POST)
2016-01-29 17:09:34,183 saml2.mdstore:DEBUG service => [{'index': '2', 'binding': 'urn:oasis:names:tc:SAML:2.0:bindings:HTTP-POST', '__class__': 'urn:oasis:names:tc:SAML:2.0:metadata&AssertionConsumerService', 'location': 'http://localhost:8087/acs/post'}]
2016-01-29 17:09:34,183 saml2.mdstore:DEBUG service(http://localhost:8087/basic/sp.xml, spsso_descriptor, assertion_consumer_service, urn:oasis:names:tc:SAML:2.0:bindings:HTTP-POST)
2016-01-29 17:09:34,183 saml2.mdstore:DEBUG service => [{'index': '2', 'binding': 'urn:oasis:names:tc:SAML:2.0:bindings:HTTP-POST', '__class__': 'urn:oasis:names:tc:SAML:2.0:metadata&AssertionConsumerService', 'location': 'http://localhost:8087/acs/post'}]
2016-01-29 17:09:34,186 saml2.entity:INFO HTTP POST
2016-01-29 17:09:34,233 saml2.entity:DEBUG receiver addresses: ['https://localhost:8088/slo/soap']
2016-01-29 17:09:34,233 saml2.entity:DEBUG Binding: urn:oasis:names:tc:SAML:2.0:bindings:SOAP
2016-01-29 17:09:34,234 saml2.request:DEBUG xmlstr: <?xml version='1.0' encoding='UTF-8'?>
<ns0:LogoutRequest xmlns:ns0="urn:oasis:names:tc:SAML:2.0:protocol" xmlns:ns1="urn:oasis:names:tc:SAML:2.0:assertion" Destination="https://localhost:8088/slo/soap" ID="id-58MMD1vd8iGnrUZYB" IssueInstant="2016-01-29T16:09:34Z" NotOnOrAfter="2016-01-29T16:14:34Z" Reason="tired" Version="2.0"><ns1:Issuer Format="urn:oasis:names:tc:SAML:2.0:nameid-format:entity">http://localhost:8087/basic/sp.xml</ns1:Issuer><ns1:NameID Format="urn:oasis:names:tc:SAML:2.0:nameid-format:transient" NameQualifier="https://localhost:8088/idp.xml" SPNameQualifier="http://localhost:8087/basic/sp.xml">35026bbecaabf7559b55b8589f1904834b0786663f473d8f4cad48eaef96d778</ns1:NameID><ns0:SessionIndex>id-xGWMDsWL60Y3za8Ok</ns0:SessionIndex></ns0:LogoutRequest>
2016-01-29 17:09:34,234 saml2.request:INFO request: <?xml version='1.0' encoding='UTF-8'?>
<ns0:LogoutRequest xmlns:ns0="urn:oasis:names:tc:SAML:2.0:protocol" xmlns:ns1="urn:oasis:names:tc:SAML:2.0:assertion" Destination="https://localhost:8088/slo/soap" ID="id-58MMD1vd8iGnrUZYB" IssueInstant="2016-01-29T16:09:34Z" NotOnOrAfter="2016-01-29T16:14:34Z" Reason="tired" Version="2.0"><ns1:Issuer Format="urn:oasis:names:tc:SAML:2.0:nameid-format:entity">http://localhost:8087/basic/sp.xml</ns1:Issuer><ns1:NameID Format="urn:oasis:names:tc:SAML:2.0:nameid-format:transient" NameQualifier="https://localhost:8088/idp.xml" SPNameQualifier="http://localhost:8087/basic/sp.xml">35026bbecaabf7559b55b8589f1904834b0786663f473d8f4cad48eaef96d778</ns1:NameID><ns0:SessionIndex>id-xGWMDsWL60Y3za8Ok</ns0:SessionIndex></ns0:LogoutRequest>
2016-01-29 17:09:34,235 saml2.entity:DEBUG Loaded request
2016-01-29 17:09:34,235 saml2.entity:DEBUG Verified request
2016-01-29 17:09:34,235 saml2.sdb:DEBUG remove authn about: <?xml version='1.0' encoding='UTF-8'?>
<ns0:NameID xmlns:ns0="urn:oasis:names:tc:SAML:2.0:assertion" Format="urn:oasis:names:tc:SAML:2.0:nameid-format:transient" NameQualifier="https://localhost:8088/idp.xml" SPNameQualifier="http://localhost:8087/basic/sp.xml">35026bbecaabf7559b55b8589f1904834b0786663f473d8f4cad48eaef96d778</ns0:NameID>
2016-01-29 17:09:34,236 saml2.entity:INFO Response: <?xml version='1.0' encoding='UTF-8'?>
<ns0:LogoutResponse xmlns:ns0="urn:oasis:names:tc:SAML:2.0:protocol" xmlns:ns1="urn:oasis:names:tc:SAML:2.0:assertion" Destination="" ID="id-L60LQ5ePMjyc3JStM" InResponseTo="id-58MMD1vd8iGnrUZYB" IssueInstant="2016-01-29T16:09:34Z" Version="2.0"><ns1:Issuer Format="urn:oasis:names:tc:SAML:2.0:nameid-format:entity">https://localhost:8088/idp.xml</ns1:Issuer><ns0:Status><ns0:StatusCode Value="urn:oasis:names:tc:SAML:2.0:status:Success" /></ns0:Status></ns0:LogoutResponse>
2016-01-29 17:09:34,237 saml2.pack:DEBUG thingy0: <?xml version='1.0' encoding='UTF-8'?>
<ns0:LogoutResponse xmlns:ns0="urn:oasis:names:tc:SAML:2.0:protocol" xmlns:ns1="urn:oasis:names:tc:SAML:2.0:assertion" Destination="" ID="id-L60LQ5ePMjyc3JStM" InResponseTo="id-58MMD1vd8iGnrUZYB" IssueInstant="2016-01-29T16:09:34Z" Version="2.0"><ns1:Issuer Format="urn:oasis:names:tc:SAML:2.0:nameid-format:entity">https://localhost:8088/idp.xml</ns1:Issuer><ns0:Status><ns0:StatusCode Value="urn:oasis:names:tc:SAML:2.0:status:Success" /></ns0:Status></ns0:LogoutResponse>
2016-01-29 17:09:34,237 saml2.pack:DEBUG thingy: <ns0:LogoutResponse xmlns:ns0="urn:oasis:names:tc:SAML:2.0:protocol" xmlns:ns1="urn:oasis:names:tc:SAML:2.0:assertion" Destination="" ID="id-L60LQ5ePMjyc3JStM" InResponseTo="id-58MMD1vd8iGnrUZYB" IssueInstant="2016-01-29T16:09:34Z" Version="2.0"><ns1:Issuer Format="urn:oasis:names:tc:SAML:2.0:nameid-format:entity">https://localhost:8088/idp.xml</ns1:Issuer><ns0:Status><ns0:StatusCode Value="urn:oasis:names:tc:SAML:2.0:status:Success" /></ns0:Status></ns0:LogoutResponse>
2016-01-29 17:09:34,237 saml2.pack:DEBUG SOAP precursor: <?xml version='1.0' encoding='UTF-8'?>
<ns0:Envelope xmlns:ns0="http://schemas.xmlsoap.org/soap/envelope/" xmlns:ns1="http://example.org/"><ns0:Body><ns1:FuddleMuddle /></ns0:Body></ns0:Envelope>
2016-01-29 17:09:34,237 saml2.httpbase:DEBUG SOAP message: <?xml version='1.0' encoding='UTF-8'?>
<ns0:Envelope xmlns:ns0="http://schemas.xmlsoap.org/soap/envelope/" ><ns0:Body><ns0:LogoutResponse xmlns:ns0="urn:oasis:names:tc:SAML:2.0:protocol" xmlns:ns1="urn:oasis:names:tc:SAML:2.0:assertion" Destination="" ID="id-L60LQ5ePMjyc3JStM" InResponseTo="id-58MMD1vd8iGnrUZYB" IssueInstant="2016-01-29T16:09:34Z" Version="2.0"><ns1:Issuer Format="urn:oasis:names:tc:SAML:2.0:nameid-format:entity">https://localhost:8088/idp.xml</ns1:Issuer><ns0:Status><ns0:StatusCode Value="urn:oasis:names:tc:SAML:2.0:status:Success" /></ns0:Status></ns0:LogoutResponse></ns0:Body></ns0:Envelope>
