
 Start ellc_emcee.py at Thu Feb  4 18:16:09 2016

 Using ellc grid size sparse

 Attempting to read light curve file  202086225.lc
 Succesfully read light curve file 202086225.lc
 Line  1: (2456772.109092, -0.00018000000272877514, 0.001069999998435378, 1)
 Line 1509: (2456805.187959, 4.999999873689376e-05, 0.001069999998435378, 1)

#  -- Start of user input block -- 
202086225.lc    #+ Light curve file 
Kp    #+ Photometric band 
0.022 0.001      #+  r_1 = R_1/a
0.014 0.001      #+  r_2 = R_2/a
0.17 0.01      #+  s = S_2/S_1, surface brightness ratio
89.9 0.1      #+  i = inclination (degrees)
0.0      #+  l_3 = third light  (fixed)
2454111.5538 0.001      #+  T_0, time of mid-eclipse
25.64797 1e-05      #+  P = orbital period (days)
-0.06 0.01      #+  f_c = sqrt(e).cos(omega)
-0.48 0.01      #+  f_s = sqrt(e).sin(omega)
1.0      #+  F_1 = asynchronous rotation factor, star 1  (fixed)
1.0      #+  F_2 = asynchronous rotation factor, star 2  (fixed)
6000.0 1000.0      #+  t1 = T_eff,1
4.0      #+  g1 = log(g_1)  (fixed)
5000.0      #+  t2 = T_eff,1  (fixed)
4.0      #+  g2 = log(g_1)  (fixed)
0.0      #+  [M/H] =   (fixed)
1.0      #+  Mass ratio q=m_2/m_1  (fixed)
1626.0      #+  T_exp (seconds)  (fixed)
0      #+  Number of spots on star 1  (fixed)
0      #+  Number of spots on star 2  (fixed)
100      #+  Number of emcee walkers  (fixed)
5000      #+  Number of steps in the emcee chain  (fixed)
8      #+  Number of threads for emcee  (fixed)
T_0 G 2454111.5538 0.0010             #+  Prior
end    #+  End of priors
# --  End of user input block -- 


 No. of free parameters =  9

 No. of priors =  1
