Riviera-PRO 2015.06.92.5791(Windows64) 2015-12-12 23:32:10

Elaboration top modules:
Architecture                  test_fixture(tb_string_ops)


-----------------------------------------------------------------------------------------------
Entity        | Architecture | Library   | Info | Compiler Version       | Compilation Options
-----------------------------------------------------------------------------------------------
tb_string_ops | test_fixture | lib       |      | 2015.06.92 (Windows64) | -dbg -2008
-----------------------------------------------------------------------------------------------

-----------------------------------------------------------------------------------------------
VHDL Package                 | Library   | Info | Compiler Version       | Compilation Options
-----------------------------------------------------------------------------------------------
standard                     | std       |      |                        | <unavailable>
TEXTIO                       | std       |      | 2015.06.92 (Windows64) |  -2008
std_logic_1164               | ieee      |      | 2015.06.92 (Windows64) |  -2008
NUMERIC_STD                  | ieee      |      | 2015.06.92 (Windows64) |  -2008
string_ops                   | vunit_lib |      | 2015.06.92 (Windows64) | -dbg -2008
lang                         | vunit_lib |      | 2015.06.92 (Windows64) | -dbg -2008
textio                       | vunit_lib |      | 2015.06.92 (Windows64) | -dbg -2008
log_types_pkg                | vunit_lib |      | 2015.06.92 (Windows64) | -dbg -2008
log_formatting_pkg           | vunit_lib |      | 2015.06.92 (Windows64) | -dbg -2008
log_special_types_pkg        | vunit_lib |      | 2015.06.92 (Windows64) | -dbg -2008
log_base_pkg                 | vunit_lib |      | 2015.06.92 (Windows64) | -dbg -2008
log_pkg                      | vunit_lib |      | 2015.06.92 (Windows64) | -dbg -2008
check_types_pkg              | vunit_lib |      | 2015.06.92 (Windows64) | -dbg -2008
check_special_types_pkg      | vunit_lib |      | 2015.06.92 (Windows64) | -dbg -2008
check_base_pkg               | vunit_lib |      | 2015.06.92 (Windows64) | -dbg -2008
check_pkg                    | vunit_lib |      | 2015.06.92 (Windows64) | -dbg -2008
dictionary                   | vunit_lib |      | 2015.06.92 (Windows64) | -dbg -2008
run_types_pkg                | vunit_lib |      | 2015.06.92 (Windows64) | -dbg -2008
test_types                   | lib       |      | 2015.06.92 (Windows64) | -dbg -2008
test_type_methods            | lib       |      | 2015.06.92 (Windows64) | -dbg -2008
run_special_types_pkg        | vunit_lib |      | 2015.06.92 (Windows64) | -dbg -2008
run_base_pkg                 | vunit_lib |      | 2015.06.92 (Windows64) | -dbg -2008
ENV                          | std       |      | 2015.06.92 (Windows64) | <unavailable>
vunit_stop_pkg               | vunit_lib |      | 2015.06.92 (Windows64) | -dbg -2008
path                         | vunit_lib |      | 2015.06.92 (Windows64) | -dbg -2008
run_pkg                      | vunit_lib |      | 2015.06.92 (Windows64) | -dbg -2008
-----------------------------------------------------------------------------------------------

-----------------------------------------------------------------------------------------------
Library                      | Comment
-----------------------------------------------------------------------------------------------
ieee                         | Standard IEEE packages library
lib                          | None
std                          | Standard VHDL library
vunit_lib                    | None
-----------------------------------------------------------------------------------------------


Simulation Options: asim -g/tb_string_ops/runner_cfg="output path : d::/Programming/github/vunit/vunit/vhdl/string_ops/vunit_out/tests/lib.tb_string_ops/,enabled_test_cases : Test strip,,Test rstrip,,Test lstrip,,Test count,,Test find,,Test image,,Test hex_image,,Test replace,,Test title,,Test upper,,Test lower,,Test split,,Test to_integer_string,,Test to_nibble_string,active python runner : true" -lib lib tb_string_ops test_fixture

