Riviera-PRO 2014.06.88.5387(Windows64) 2015-12-09 22:06:04

Elaboration top modules:
Architecture                  test_fixture(tb_check_sequence)


---------------------------------------------------------------------------------------------------
Entity            | Architecture | Library   | Info | Compiler Version       | Compilation Options
---------------------------------------------------------------------------------------------------
tb_check_sequence | test_fixture | lib       |      | 2014.06.88 (Windows64) | -dbg -2008
---------------------------------------------------------------------------------------------------

---------------------------------------------------------------------------------------------------
VHDL Package                     | Library   | Info | Compiler Version       | Compilation Options
---------------------------------------------------------------------------------------------------
standard                         | std       |      |                        | <unavailable>
TEXTIO                           | std       |      | 2014.06.88 (Windows64) |  -2008
std_logic_1164                   | ieee      |      | 2014.06.88 (Windows64) |  -2008
NUMERIC_STD                      | ieee      |      | 2014.06.88 (Windows64) |  -2008
string_ops                       | vunit_lib |      | 2014.06.88 (Windows64) | -dbg -2008
lang                             | vunit_lib |      | 2014.06.88 (Windows64) | -dbg -2008
textio                           | vunit_lib |      | 2014.06.88 (Windows64) | -dbg -2008
log_types_pkg                    | vunit_lib |      | 2014.06.88 (Windows64) | -dbg -2008
test_types                       | vunit_lib |      | 2014.06.88 (Windows64) | -dbg -2008
test_type_methods                | vunit_lib |      | 2014.06.88 (Windows64) | -dbg -2008
log_formatting_pkg               | vunit_lib |      | 2014.06.88 (Windows64) | -dbg -2008
log_special_types_pkg            | vunit_lib |      | 2014.06.88 (Windows64) | -dbg -2008
log_base_pkg                     | vunit_lib |      | 2014.06.88 (Windows64) | -dbg -2008
log_pkg                          | vunit_lib |      | 2014.06.88 (Windows64) | -dbg -2008
check_types_pkg                  | vunit_lib |      | 2014.06.88 (Windows64) | -dbg -2008
check_special_types_pkg          | vunit_lib |      | 2014.06.88 (Windows64) | -dbg -2008
check_base_pkg                   | vunit_lib |      | 2014.06.88 (Windows64) | -dbg -2008
check_pkg                        | vunit_lib |      | 2014.06.88 (Windows64) | -dbg -2008
dictionary                       | vunit_lib |      | 2014.06.88 (Windows64) | -dbg -2008
run_types_pkg                    | vunit_lib |      | 2014.06.88 (Windows64) | -dbg -2008
run_special_types_pkg            | vunit_lib |      | 2014.06.88 (Windows64) | -dbg -2008
run_base_pkg                     | vunit_lib |      | 2014.06.88 (Windows64) | -dbg -2008
ENV                              | std       |      | 2014.06.88 (Windows64) | <unavailable>
vunit_stop_pkg                   | vunit_lib |      | 2014.06.88 (Windows64) | -dbg -2008
path                             | vunit_lib |      | 2014.06.88 (Windows64) | -dbg -2008
run_pkg                          | vunit_lib |      | 2014.06.88 (Windows64) | -dbg -2008
test_types                       | lib       |      | 2014.06.88 (Windows64) | -dbg -2008
test_count                       | lib       |      | 2014.06.88 (Windows64) | -dbg -2008
test_support                     | lib       |      | 2014.06.88 (Windows64) | -dbg -2008
---------------------------------------------------------------------------------------------------

---------------------------------------------------------------------------------------------------
Library                          | Comment
---------------------------------------------------------------------------------------------------
ieee                             | Standard IEEE packages library
lib                              | None
std                              | Standard VHDL library
vunit_lib                        | None
---------------------------------------------------------------------------------------------------


Simulation Options: asim -g/tb_check_sequence/runner_cfg="active python runner : true,output path : d::/Programming/github/vunit/vunit/vhdl/check/vunit_out/tests/lib.tb_check_sequence.Test should handle reversed and or offset expressions/,enabled_test_cases : Test should handle reversed and or offset expressions" -lib lib tb_check_sequence test_fixture

