Active-HDL 10.2.3312.5682  2015-12-12 23:32:46

Elaboration top modules:
Architecture                  test_fixture(tb_string_ops)


--------------------------------------------------------------------------------------------------
Entity        | Architecture | Library   | Info | Compiler Version          | Compilation Options
--------------------------------------------------------------------------------------------------
tb_string_ops | test_fixture | lib       |      | 10.2.3312.5682  (Windows) | -dbg -2008
--------------------------------------------------------------------------------------------------

--------------------------------------------------------------------------------------------------
VHDL Package                 | Library   | Info | Compiler Version          | Compilation Options
--------------------------------------------------------------------------------------------------
standard                     | std       |      |                           | <unavailable>
TEXTIO                       | std       |      | 10.2.3312.5682  (Windows) |  -2008
std_logic_1164               | ieee      |      | 10.2.3312.5682  (Windows) |  -2008
NUMERIC_STD                  | ieee      |      | 10.2.3312.5682  (Windows) |  -2008
string_ops                   | vunit_lib |      | 10.2.3312.5682  (Windows) | -dbg -2008
lang                         | vunit_lib |      | 10.2.3312.5682  (Windows) | -dbg -2008
textio                       | vunit_lib |      | 10.2.3312.5682  (Windows) | -dbg -2008
log_types_pkg                | vunit_lib |      | 10.2.3312.5682  (Windows) | -dbg -2008
log_formatting_pkg           | vunit_lib |      | 10.2.3312.5682  (Windows) | -dbg -2008
log_special_types_pkg        | vunit_lib |      | 10.2.3312.5682  (Windows) | -dbg -2008
log_base_pkg                 | vunit_lib |      | 10.2.3312.5682  (Windows) | -dbg -2008
log_pkg                      | vunit_lib |      | 10.2.3312.5682  (Windows) | -dbg -2008
check_types_pkg              | vunit_lib |      | 10.2.3312.5682  (Windows) | -dbg -2008
check_special_types_pkg      | vunit_lib |      | 10.2.3312.5682  (Windows) | -dbg -2008
check_base_pkg               | vunit_lib |      | 10.2.3312.5682  (Windows) | -dbg -2008
check_pkg                    | vunit_lib |      | 10.2.3312.5682  (Windows) | -dbg -2008
dictionary                   | vunit_lib |      | 10.2.3312.5682  (Windows) | -dbg -2008
run_types_pkg                | vunit_lib |      | 10.2.3312.5682  (Windows) | -dbg -2008
test_types                   | lib       |      | 10.2.3312.5682  (Windows) | -dbg -2008
test_type_methods            | lib       |      | 10.2.3312.5682  (Windows) | -dbg -2008
run_special_types_pkg        | vunit_lib |      | 10.2.3312.5682  (Windows) | -dbg -2008
run_base_pkg                 | vunit_lib |      | 10.2.3312.5682  (Windows) | -dbg -2008
ENV                          | std       |      | 10.2.3312.5682  (Windows) | <unavailable>
vunit_stop_pkg               | vunit_lib |      | 10.2.3312.5682  (Windows) | -dbg -2008
path                         | vunit_lib |      | 10.2.3312.5682  (Windows) | -dbg -2008
run_pkg                      | vunit_lib |      | 10.2.3312.5682  (Windows) | -dbg -2008
--------------------------------------------------------------------------------------------------

--------------------------------------------------------------------------------------------------
Library                      | Comment
--------------------------------------------------------------------------------------------------
ieee                         | Standard IEEE packages library
lib                          | None
std                          | Standard VHDL library
vunit_lib                    | None
--------------------------------------------------------------------------------------------------


Simulation Options: vsim  -g/tb_string_ops/runner_cfg=${vunit_generic_runner_cfg} -lib lib tb_string_ops test_fixture

