Riviera-PRO 2015.10.85.5882(Windows) 2015-12-13 23:28:21

Elaboration top modules:
Architecture                  test_fixture(tb_com_codec)


---------------------------------------------------------------------------------------------
Entity       | Architecture | Library    | Info | Compiler Version     | Compilation Options
---------------------------------------------------------------------------------------------
tb_com_codec | test_fixture | tb_com_lib |      | 2015.10.85 (Windows) | -dbg -2008
---------------------------------------------------------------------------------------------

---------------------------------------------------------------------------------------------
VHDL Package                | Library    | Info | Compiler Version     | Compilation Options
---------------------------------------------------------------------------------------------
standard                    | std        |      |                      | <unavailable>
TEXTIO                      | std        |      | 2015.10.85 (Windows) |  -2008
std_logic_1164              | ieee       |      | 2015.10.85 (Windows) |  -2008
NUMERIC_STD                 | ieee       |      | 2015.10.85 (Windows) |  -2008
lang                        | vunit_lib  |      | 2015.10.85 (Windows) | -dbg -2008
textio                      | vunit_lib  |      | 2015.10.85 (Windows) | -dbg -2008
string_ops                  | vunit_lib  |      | 2015.10.85 (Windows) | -dbg -2008
log_types_pkg               | vunit_lib  |      | 2015.10.85 (Windows) | -dbg -2008
log_formatting_pkg          | vunit_lib  |      | 2015.10.85 (Windows) | -dbg -2008
log_special_types_pkg       | vunit_lib  |      | 2015.10.85 (Windows) | -dbg -2008
log_base_pkg                | vunit_lib  |      | 2015.10.85 (Windows) | -dbg -2008
log_pkg                     | vunit_lib  |      | 2015.10.85 (Windows) | -dbg -2008
check_types_pkg             | vunit_lib  |      | 2015.10.85 (Windows) | -dbg -2008
check_special_types_pkg     | vunit_lib  |      | 2015.10.85 (Windows) | -dbg -2008
check_base_pkg              | vunit_lib  |      | 2015.10.85 (Windows) | -dbg -2008
check_pkg                   | vunit_lib  |      | 2015.10.85 (Windows) | -dbg -2008
dictionary                  | vunit_lib  |      | 2015.10.85 (Windows) | -dbg -2008
run_types_pkg               | vunit_lib  |      | 2015.10.85 (Windows) | -dbg -2008
NUMERIC_BIT                 | ieee       |      | 2015.10.85 (Windows) |  -2008
fixed_float_types           | ieee       |      | 2015.10.85 (Windows) |  -2008
MATH_REAL                   | ieee       |      | 2015.10.85 (Windows) | <unavailable>
fixed_pkg                   | ieee       |      | 2015.10.85 (Windows) |  -2008
float_pkg                   | ieee       |      | 2015.10.85 (Windows) |  -2008
run_special_types_pkg       | vunit_lib  |      | 2015.10.85 (Windows) | -dbg -2008
run_base_pkg                | vunit_lib  |      | 2015.10.85 (Windows) | -dbg -2008
path                        | vunit_lib  |      | 2015.10.85 (Windows) | -dbg -2008
ENV                         | std        |      | 2015.10.85 (Windows) | <unavailable>
vunit_stop_pkg              | vunit_lib  |      | 2015.10.85 (Windows) | -dbg -2008
run_pkg                     | vunit_lib  |      | 2015.10.85 (Windows) | -dbg -2008
MATH_COMPLEX                | ieee       |      | 2015.10.85 (Windows) | <unavailable>
com_debug_codec_builder_pkg | vunit_lib  |      | 2015.10.85 (Windows) | -dbg -2008
com_std_codec_builder_pkg   | vunit_lib  |      | 2015.10.85 (Windows) | -dbg -2008
com_codec_pkg               | vunit_lib  |      | 2015.10.85 (Windows) | -dbg -2008
com_types_pkg               | vunit_lib  |      | 2015.10.85 (Windows) | -dbg -2008
com_pkg                     | vunit_lib  |      | 2015.10.85 (Windows) | -dbg -2008
com_string_pkg              | vunit_lib  |      | 2015.10.85 (Windows) | -dbg -2008
custom_types_pkg            | tb_com_lib |      | 2015.10.85 (Windows) | -dbg -2008
custom_codec_pkg            | tb_com_lib |      | 2015.10.85 (Windows) | -dbg -2008
---------------------------------------------------------------------------------------------

---------------------------------------------------------------------------------------------
Library                     | Comment
---------------------------------------------------------------------------------------------
ieee                        | Standard IEEE packages library
std                         | Standard VHDL library
tb_com_lib                  | None
vunit_lib                   | None
---------------------------------------------------------------------------------------------


Simulation Options: asim -g/tb_com_codec/runner_cfg="enabled_test_cases : Test that integer can be encoded and decoded,,Test that real can be encoded and decoded,,Test that time can be encoded and decoded,,Test that boolean can be encoded and decoded,,Test that bit can be encoded and decoded,,Test that std_ulogic can be encoded and decoded,,Test that severity_level can be encoded and decoded,,Test that file_open_status can be encoded and decoded,,Test that file_open_kind can be encoded and decoded,,Test that character can be encoded and decoded,,Test that string can be encoded and decoded,,Test that boolean_vector can be encoded and decoded,,Test that bit_vector can be encoded and decoded,,Test that integer_vector can be encoded and decoded,,Test that real_vector can be encoded and decoded,,Test that time_vector can be encoded and decoded,,Test that std_ulogic_vector can be encoded and decoded,,Test that complex can be encoded and decoded,,Test that complex_polar can be encoded and decoded,,Test that unsigned from numeric_bit can be encoded and decoded,,Test that signed from numeric_bit can be encoded and decoded,,Test that unsigned from numeric_std can be encoded and decoded,,Test that signed from numeric_std can be encoded and decoded,,Test that ufixed can be encoded and decoded,,Test that sfixed can be encoded and decoded,,Test that float can be encoded and decoded,,Test that custom enumeration type can be encoded and decoded,,Test that custom record type can be encoded and decoded,,Test that custom array can be encoded and decoded,,Test that all provided codecs can be used within a composite,,Test that the values of different enumeration types used for msg_type record elements get different encodings,,Test that records with different msg_type enumeration types can classified with a single get_msg_type function,,Test that records containing arrays can be encoded and decoded,output path : d::/Programming/github/vunit/vunit/vhdl/com/vunit_out/tests/tb_com_lib.tb_com_codec/,active python runner : true" -lib tb_com_lib tb_com_codec test_fixture

